2019-08-16 02:00:56:846  [TID      12336][INFO    ] Default Logger initialized [dmvcframework]
2019-08-16 02:00:56:861  [TID      12336][INFO    ] Server started on port 8080 [dmvcframework]
2019-08-16 02:00:56:951  [TID      12336][INFO    ] Server started on port 8080 [dmvcframework]
2019-08-16 02:20:47:128  [TID      14792][INFO    ] Default Logger initialized [dmvcframework]
2019-08-16 02:20:47:128  [TID      14792][INFO    ] Server started on port 8080 [dmvcframework]
2019-08-16 02:21:21:213  [TID       1580][INFO    ] Default Logger initialized [dmvcframework]
2019-08-16 02:21:21:213  [TID       1580][INFO    ] Server started on port 8080 [dmvcframework]
2019-08-16 02:21:21:309  [TID       1580][INFO    ] Server started on port 8080 [dmvcframework]
2019-08-16 02:21:43:266  [TID       1320][INFO    ] Default Logger initialized [dmvcframework]
2019-08-16 02:21:43:286  [TID       1320][INFO    ] Server started on port 8080 [dmvcframework]
2019-08-16 02:21:43:368  [TID       1320][INFO    ] Server started on port 8080 [dmvcframework]
2019-08-16 02:22:01:486  [TID      17880][INFO    ] ENTER: Config default values [dmvcframework]
2019-08-16 02:22:01:486  [TID      17880][INFO    ] EXIT: Config default values [dmvcframework]
2019-08-16 02:22:01:486  [TID      17880][INFO    ] ENTER: LoadSystemControllers [dmvcframework]
2019-08-16 02:22:01:486  [TID      17880][INFO    ] EXIT: LoadSystemControllers [dmvcframework]
2019-08-16 02:22:04:118  [TID      17880][INFO    ] POST:/efetuarPedido -> UPizzariaControllerImpl.TPizzariaBackendController - 200 OK [dmvcframework]
2019-08-16 02:22:08:747  [TID      10052][INFO    ] GET:/buscarpedido/044.620.109.06 -> NO ACTION  - 404 Not Found [dmvcframework]
2019-08-16 02:40:51:699  [TID      18476][INFO    ] Default Logger initialized [dmvcframework]
2019-08-16 02:40:51:699  [TID      18476][INFO    ] Server started on port 8080 [dmvcframework]
2019-08-16 02:40:51:772  [TID      18476][INFO    ] Server started on port 8080 [dmvcframework]
2019-08-16 02:41:14:402  [TID      14760][INFO    ] ENTER: Config default values [dmvcframework]
2019-08-16 02:41:14:402  [TID      14760][INFO    ] EXIT: Config default values [dmvcframework]
2019-08-16 02:41:14:402  [TID      14760][INFO    ] ENTER: LoadSystemControllers [dmvcframework]
2019-08-16 02:41:14:402  [TID      14760][INFO    ] EXIT: LoadSystemControllers [dmvcframework]
2019-08-16 02:41:14:403  [TID      14760][INFO    ] GET:/buscarpedido/044.620.109-06 -> NO ACTION  - 404 Not Found [dmvcframework]
2019-08-16 02:51:16:644  [TID      12272][INFO    ] Default Logger initialized [dmvcframework]
2019-08-16 02:51:16:656  [TID      12272][INFO    ] Server started on port 8080 [dmvcframework]
2019-08-16 02:51:16:722  [TID      12272][INFO    ] Server started on port 8080 [dmvcframework]
2019-08-16 02:51:43:865  [TID       4932][INFO    ] ENTER: Config default values [dmvcframework]
2019-08-16 02:51:43:865  [TID       4932][INFO    ] EXIT: Config default values [dmvcframework]
2019-08-16 02:51:43:865  [TID       4932][INFO    ] ENTER: LoadSystemControllers [dmvcframework]
2019-08-16 02:51:43:865  [TID       4932][INFO    ] EXIT: LoadSystemControllers [dmvcframework]
2019-08-16 02:51:47:322  [TID       4932][ERROR   ] [EAccessViolation] Access violation at address 0040965C in module 'PizzariaBackend.exe'. Read of address 8BC35B5A (Custom message: "Global Action Exception Handler") [dmvcframework]
2019-08-16 02:51:47:330  [TID       4932][INFO    ] POST:/efetuarPedido -> UPizzariaControllerImpl.TPizzariaBackendController - 500 Internal Server Error [dmvcframework]
2019-08-16 02:52:07:950  [TID      13660][INFO    ] GET:/buscarpedido/044.620.109-06 -> NO ACTION  - 404 Not Found [dmvcframework]
